# JRE version: OpenJDK Runtime Environment (17.0.9) (build 17.0.9+0--11185874)
# Java VM: OpenJDK 64-Bit Server VM (17.0.9+0--11185874, mixed mode, tiered, compressed oops, compressed class ptrs, g1 gc, windows-amd64)
GC Precious Log:
 CPUs: 4 total, 4 available
 Memory: 8025M
 Large Page Support: Disabled
 NUMA Support: Disabled
 Compressed Oops: Enabled (32-bit)
 Heap Region Size: 1M
 Heap Min Capacity: 8M
 Heap Initial Capacity: 126M
 Heap Max Capacity: 2G
 Pre-touch: Disabled
 Parallel Workers: 4
 Concurrent Workers: 1
 Concurrent Refinement Workers: 4
 Periodic GC: Disabled
Heap:
 garbage-first heap   total 86016K, used 58597K [0x0000000080000000, 0x0000000100000000)
  region size 1024K, 1 young (1024K), 1 survivors (1024K)
 Metaspace       used 57031K, committed 57600K, reserved 1114112K
  class space    used 7817K, committed 8128K, reserved 1048576K
GC Heap History (20 events):
Event: 10.948 GC heap after
{Heap after GC invocations=13 (full 0):
 garbage-first heap   total 68608K, used 31141K [0x0000000080000000, 0x0000000100000000)
  region size 1024K, 4 young (4096K), 4 survivors (4096K)
 Metaspace       used 45362K, committed 45760K, reserved 1114112K
  class space    used 6026K, committed 6208K, reserved 1048576K
}
Event: 11.909 GC heap before
{Heap before GC invocations=13 (full 0):
 garbage-first heap   total 68608K, used 53669K [0x0000000080000000, 0x0000000100000000)
  region size 1024K, 26 young (26624K), 4 survivors (4096K)
 Metaspace       used 48009K, committed 48448K, reserved 1114112K
  class space    used 6445K, committed 6656K, reserved 1048576K
}
Event: 11.915 GC heap after
{Heap after GC invocations=14 (full 0):
 garbage-first heap   total 68608K, used 32201K [0x0000000080000000, 0x0000000100000000)
  region size 1024K, 3 young (3072K), 3 survivors (3072K)
 Metaspace       used 48009K, committed 48448K, reserved 1114112K
  class space    used 6445K, committed 6656K, reserved 1048576K
}
Event: 12.835 GC heap before
{Heap before GC invocations=14 (full 0):
 garbage-first heap   total 68608K, used 54729K [0x0000000080000000, 0x0000000100000000)
  region size 1024K, 25 young (25600K), 3 survivors (3072K)
 Metaspace       used 51087K, committed 51584K, reserved 1114112K
  class space    used 6939K, committed 7168K, reserved 1048576K
}
Event: 12.844 GC heap after
{Heap after GC invocations=15 (full 0):
 garbage-first heap   total 68608K, used 33445K [0x0000000080000000, 0x0000000100000000)
  region size 1024K, 3 young (3072K), 3 survivors (3072K)
 Metaspace       used 51087K, committed 51584K, reserved 1114112K
  class space    used 6939K, committed 7168K, reserved 1048576K
}
Event: 13.703 GC heap before
{Heap before GC invocations=15 (full 0):
 garbage-first heap   total 68608K, used 54949K [0x0000000080000000, 0x0000000100000000)
  region size 1024K, 24 young (24576K), 3 survivors (3072K)
 Metaspace       used 53615K, committed 54080K, reserved 1114112K
  class space    used 7353K, committed 7552K, reserved 1048576K
}
Event: 13.709 GC heap after
{Heap after GC invocations=16 (full 0):
 garbage-first heap   total 68608K, used 34678K [0x0000000080000000, 0x0000000100000000)
  region size 1024K, 3 young (3072K), 3 survivors (3072K)
 Metaspace       used 53615K, committed 54080K, reserved 1114112K
  class space    used 7353K, committed 7552K, reserved 1048576K
}
Event: 14.852 GC heap before
{Heap before GC invocations=17 (full 0):
 garbage-first heap   total 68608K, used 55158K [0x0000000080000000, 0x0000000100000000)
  region size 1024K, 23 young (23552K), 3 survivors (3072K)
 Metaspace       used 55447K, committed 55936K, reserved 1114112K
  class space    used 7615K, committed 7872K, reserved 1048576K
}
Event: 14.861 GC heap after
{Heap after GC invocations=18 (full 0):
 garbage-first heap   total 68608K, used 37048K [0x0000000080000000, 0x0000000100000000)
  region size 1024K, 3 young (3072K), 3 survivors (3072K)
 Metaspace       used 55447K, committed 55936K, reserved 1114112K
  class space    used 7615K, committed 7872K, reserved 1048576K
}
Event: 15.588 GC heap before
{Heap before GC invocations=18 (full 0):
 garbage-first heap   total 68608K, used 54456K [0x0000000080000000, 0x0000000100000000)
  region size 1024K, 21 young (21504K), 3 survivors (3072K)
 Metaspace       used 56050K, committed 56640K, reserved 1114112K
  class space    used 7665K, committed 7936K, reserved 1048576K
}
Event: 15.600 GC heap after
{Heap after GC invocations=19 (full 0):
 garbage-first heap   total 68608K, used 39837K [0x0000000080000000, 0x0000000100000000)
  region size 1024K, 3 young (3072K), 3 survivors (3072K)
 Metaspace       used 56050K, committed 56640K, reserved 1114112K
  class space    used 7665K, committed 7936K, reserved 1048576K
}
Event: 15.754 GC heap before
{Heap before GC invocations=20 (full 0):
 garbage-first heap   total 71680K, used 41885K [0x0000000080000000, 0x0000000100000000)
  region size 1024K, 6 young (6144K), 3 survivors (3072K)
 Metaspace       used 56098K, committed 56640K, reserved 1114112K
  class space    used 7669K, committed 7936K, reserved 1048576K
}
Event: 15.762 GC heap after
{Heap after GC invocations=21 (full 0):
 garbage-first heap   total 71680K, used 40128K [0x0000000080000000, 0x0000000100000000)
  region size 1024K, 1 young (1024K), 1 survivors (1024K)
 Metaspace       used 56098K, committed 56640K, reserved 1114112K
  class space    used 7669K, committed 7936K, reserved 1048576K
}
Event: 15.911 GC heap before
{Heap before GC invocations=22 (full 0):
 garbage-first heap   total 75776K, used 47296K [0x0000000080000000, 0x0000000100000000)
  region size 1024K, 4 young (4096K), 1 survivors (1024K)
 Metaspace       used 56150K, committed 56704K, reserved 1114112K
  class space    used 7679K, committed 7936K, reserved 1048576K
}
Event: 15.913 GC heap after
{Heap after GC invocations=23 (full 0):
 garbage-first heap   total 75776K, used 47659K [0x0000000080000000, 0x0000000100000000)
  region size 1024K, 2 young (2048K), 2 survivors (2048K)
 Metaspace       used 56150K, committed 56704K, reserved 1114112K
  class space    used 7679K, committed 7936K, reserved 1048576K
}
Event: 16.286 GC heap before
{Heap before GC invocations=24 (full 0):
 garbage-first heap   total 86016K, used 63019K [0x0000000080000000, 0x0000000100000000)
  region size 1024K, 11 young (11264K), 2 survivors (2048K)
 Metaspace       used 56321K, committed 56896K, reserved 1114112K
  class space    used 7706K, committed 8000K, reserved 1048576K
}
Event: 16.289 GC heap after
{Heap after GC invocations=25 (full 0):
 garbage-first heap   total 86016K, used 59001K [0x0000000080000000, 0x0000000100000000)
  region size 1024K, 2 young (2048K), 2 survivors (2048K)
 Metaspace       used 56321K, committed 56896K, reserved 1114112K
  class space    used 7706K, committed 8000K, reserved 1048576K
}
Event: 16.354 GC heap before
{Heap before GC invocations=25 (full 0):
 garbage-first heap   total 86016K, used 61049K [0x0000000080000000, 0x0000000100000000)
  region size 1024K, 4 young (4096K), 2 survivors (2048K)
 Metaspace       used 56503K, committed 57024K, reserved 1114112K
  class space    used 7737K, committed 8000K, reserved 1048576K
}
Event: 16.355 GC heap after
{Heap after GC invocations=26 (full 0):
 garbage-first heap   total 86016K, used 58280K [0x0000000080000000, 0x0000000100000000)
  region size 1024K, 1 young (1024K), 1 survivors (1024K)
 Metaspace       used 56503K, committed 57024K, reserved 1114112K
  class space    used 7737K, committed 8000K, reserved 1048576K
}
Event: 16.548 GC heap before
{Heap before GC invocations=26 (full 0):
 garbage-first heap   total 86016K, used 64424K [0x0000000080000000, 0x0000000100000000)
  region size 1024K, 8 young (8192K), 1 survivors (1024K)
 Metaspace       used 57031K, committed 57600K, reserved 1114112K
  class space    used 7817K, committed 8128K, reserved 1048576K
}

