# JRE version: OpenJDK Runtime Environment (17.0.9) (build 17.0.9+0--11185874)
# Java VM: OpenJDK 64-Bit Server VM (17.0.9+0--11185874, mixed mode, tiered, compressed oops, compressed class ptrs, g1 gc, windows-amd64)
GC Precious Log:
 CPUs: 4 total, 4 available
 Memory: 8025M
 Large Page Support: Disabled
 NUMA Support: Disabled
 Compressed Oops: Enabled (32-bit)
 Heap Region Size: 1M
 Heap Min Capacity: 8M
 Heap Initial Capacity: 126M
 Heap Max Capacity: 2G
 Pre-touch: Disabled
 Parallel Workers: 4
 Concurrent Workers: 1
 Concurrent Refinement Workers: 4
 Periodic GC: Disabled
Heap:
 garbage-first heap   total 71680K, used 46318K [0x0000000080000000, 0x0000000100000000)
  region size 1024K, 19 young (19456K), 4 survivors (4096K)
 Metaspace       used 51587K, committed 52032K, reserved 1114112K
  class space    used 7030K, committed 7232K, reserved 1048576K
GC Heap History (20 events):
Event: 9.933 GC heap before
{Heap before GC invocations=5 (full 0):
 garbage-first heap   total 71680K, used 52866K [0x0000000080000000, 0x0000000100000000)
  region size 1024K, 42 young (43008K), 9 survivors (9216K)
 Metaspace       used 26624K, committed 26880K, reserved 1114112K
  class space    used 3430K, committed 3520K, reserved 1048576K
}
Event: 9.943 GC heap after
{Heap after GC invocations=6 (full 0):
 garbage-first heap   total 71680K, used 20388K [0x0000000080000000, 0x0000000100000000)
  region size 1024K, 2 young (2048K), 2 survivors (2048K)
 Metaspace       used 26624K, committed 26880K, reserved 1114112K
  class space    used 3430K, committed 3520K, reserved 1048576K
}
Event: 9.975 GC heap before
{Heap before GC invocations=6 (full 0):
 garbage-first heap   total 71680K, used 21412K [0x0000000080000000, 0x0000000100000000)
  region size 1024K, 3 young (3072K), 2 survivors (2048K)
 Metaspace       used 26719K, committed 27008K, reserved 1114112K
  class space    used 3450K, committed 3584K, reserved 1048576K
}
Event: 9.978 GC heap after
{Heap after GC invocations=7 (full 0):
 garbage-first heap   total 71680K, used 20767K [0x0000000080000000, 0x0000000100000000)
  region size 1024K, 1 young (1024K), 1 survivors (1024K)
 Metaspace       used 26719K, committed 27008K, reserved 1114112K
  class space    used 3450K, committed 3584K, reserved 1048576K
}
Event: 11.189 GC heap before
{Heap before GC invocations=7 (full 0):
 garbage-first heap   total 71680K, used 50463K [0x0000000080000000, 0x0000000100000000)
  region size 1024K, 30 young (30720K), 1 survivors (1024K)
 Metaspace       used 30816K, committed 31104K, reserved 1114112K
  class space    used 4106K, committed 4224K, reserved 1048576K
}
Event: 11.194 GC heap after
{Heap after GC invocations=8 (full 0):
 garbage-first heap   total 71680K, used 22019K [0x0000000080000000, 0x0000000100000000)
  region size 1024K, 2 young (2048K), 2 survivors (2048K)
 Metaspace       used 30816K, committed 31104K, reserved 1114112K
  class space    used 4106K, committed 4224K, reserved 1048576K
}
Event: 12.226 GC heap before
{Heap before GC invocations=8 (full 0):
 garbage-first heap   total 71680K, used 51715K [0x0000000080000000, 0x0000000100000000)
  region size 1024K, 32 young (32768K), 2 survivors (2048K)
 Metaspace       used 34760K, committed 35072K, reserved 1114112K
  class space    used 4735K, committed 4864K, reserved 1048576K
}
Event: 12.231 GC heap after
{Heap after GC invocations=9 (full 0):
 garbage-first heap   total 71680K, used 23384K [0x0000000080000000, 0x0000000100000000)
  region size 1024K, 3 young (3072K), 3 survivors (3072K)
 Metaspace       used 34760K, committed 35072K, reserved 1114112K
  class space    used 4735K, committed 4864K, reserved 1048576K
}
Event: 12.382 GC heap before
{Heap before GC invocations=9 (full 0):
 garbage-first heap   total 71680K, used 27480K [0x0000000080000000, 0x0000000100000000)
  region size 1024K, 8 young (8192K), 3 survivors (3072K)
 Metaspace       used 35645K, committed 35968K, reserved 1114112K
  class space    used 4856K, committed 5056K, reserved 1048576K
}
Event: 12.387 GC heap after
{Heap after GC invocations=10 (full 0):
 garbage-first heap   total 71680K, used 23607K [0x0000000080000000, 0x0000000100000000)
  region size 1024K, 2 young (2048K), 2 survivors (2048K)
 Metaspace       used 35645K, committed 35968K, reserved 1114112K
  class space    used 4856K, committed 5056K, reserved 1048576K
}
Event: 14.150 GC heap before
{Heap before GC invocations=11 (full 0):
 garbage-first heap   total 71680K, used 54327K [0x0000000080000000, 0x0000000100000000)
  region size 1024K, 33 young (33792K), 2 survivors (2048K)
 Metaspace       used 41056K, committed 41408K, reserved 1114112K
  class space    used 5426K, committed 5568K, reserved 1048576K
}
Event: 14.159 GC heap after
{Heap after GC invocations=12 (full 0):
 garbage-first heap   total 71680K, used 27541K [0x0000000080000000, 0x0000000100000000)
  region size 1024K, 5 young (5120K), 5 survivors (5120K)
 Metaspace       used 41056K, committed 41408K, reserved 1114112K
  class space    used 5426K, committed 5568K, reserved 1048576K
}
Event: 14.162 GC heap before
{Heap before GC invocations=12 (full 0):
 garbage-first heap   total 71680K, used 28565K [0x0000000080000000, 0x0000000100000000)
  region size 1024K, 6 young (6144K), 5 survivors (5120K)
 Metaspace       used 41056K, committed 41408K, reserved 1114112K
  class space    used 5426K, committed 5568K, reserved 1048576K
}
Event: 14.170 GC heap after
{Heap after GC invocations=13 (full 0):
 garbage-first heap   total 71680K, used 27633K [0x0000000080000000, 0x0000000100000000)
  region size 1024K, 1 young (1024K), 1 survivors (1024K)
 Metaspace       used 41056K, committed 41408K, reserved 1114112K
  class space    used 5426K, committed 5568K, reserved 1048576K
}
Event: 17.025 GC heap before
{Heap before GC invocations=13 (full 0):
 garbage-first heap   total 71680K, used 55281K [0x0000000080000000, 0x0000000100000000)
  region size 1024K, 27 young (27648K), 1 survivors (1024K)
 Metaspace       used 43007K, committed 43456K, reserved 1114112K
  class space    used 5617K, committed 5824K, reserved 1048576K
}
Event: 17.029 GC heap after
{Heap after GC invocations=14 (full 0):
 garbage-first heap   total 71680K, used 28861K [0x0000000080000000, 0x0000000100000000)
  region size 1024K, 2 young (2048K), 2 survivors (2048K)
 Metaspace       used 43007K, committed 43456K, reserved 1114112K
  class space    used 5617K, committed 5824K, reserved 1048576K
}
Event: 19.948 GC heap before
{Heap before GC invocations=14 (full 0):
 garbage-first heap   total 71680K, used 54461K [0x0000000080000000, 0x0000000100000000)
  region size 1024K, 28 young (28672K), 2 survivors (2048K)
 Metaspace       used 46268K, committed 46656K, reserved 1114112K
  class space    used 6195K, committed 6336K, reserved 1048576K
}
Event: 19.956 GC heap after
{Heap after GC invocations=15 (full 0):
 garbage-first heap   total 71680K, used 30881K [0x0000000080000000, 0x0000000100000000)
  region size 1024K, 4 young (4096K), 4 survivors (4096K)
 Metaspace       used 46268K, committed 46656K, reserved 1114112K
  class space    used 6195K, committed 6336K, reserved 1048576K
}
Event: 26.375 GC heap before
{Heap before GC invocations=15 (full 0):
 garbage-first heap   total 71680K, used 56481K [0x0000000080000000, 0x0000000100000000)
  region size 1024K, 29 young (29696K), 4 survivors (4096K)
 Metaspace       used 49821K, committed 50304K, reserved 1114112K
  class space    used 6742K, committed 6976K, reserved 1048576K
}
Event: 26.385 GC heap after
{Heap after GC invocations=16 (full 0):
 garbage-first heap   total 71680K, used 31982K [0x0000000080000000, 0x0000000100000000)
  region size 1024K, 4 young (4096K), 4 survivors (4096K)
 Metaspace       used 49821K, committed 50304K, reserved 1114112K
  class space    used 6742K, committed 6976K, reserved 1048576K
}

