# JRE version: OpenJDK Runtime Environment (17.0.9) (build 17.0.9+0--11185874)
# Java VM: OpenJDK 64-Bit Server VM (17.0.9+0--11185874, mixed mode, tiered, compressed oops, compressed class ptrs, g1 gc, windows-amd64)
GC Precious Log:
 CPUs: 4 total, 4 available
 Memory: 8025M
 Large Page Support: Disabled
 NUMA Support: Disabled
 Compressed Oops: Enabled (32-bit)
 Heap Region Size: 1M
 Heap Min Capacity: 8M
 Heap Initial Capacity: 126M
 Heap Max Capacity: 2G
 Pre-touch: Disabled
 Parallel Workers: 4
 Concurrent Workers: 1
 Concurrent Refinement Workers: 4
 Periodic GC: Disabled
Heap:
 garbage-first heap   total 261120K, used 204589K [0x0000000080000000, 0x0000000100000000)
  region size 1024K, 12 young (12288K), 4 survivors (4096K)
 Metaspace       used 125264K, committed 126400K, reserved 1179648K
  class space    used 16851K, committed 17408K, reserved 1048576K
GC Heap History (20 events):
Event: 43.810 GC heap before
{Heap before GC invocations=58 (full 0):
 garbage-first heap   total 261120K, used 218567K [0x0000000080000000, 0x0000000100000000)
  region size 1024K, 45 young (46080K), 2 survivors (2048K)
 Metaspace       used 114085K, committed 114944K, reserved 1179648K
  class space    used 15650K, committed 16064K, reserved 1048576K
}
Event: 43.824 GC heap after
{Heap after GC invocations=59 (full 0):
 garbage-first heap   total 261120K, used 176395K [0x0000000080000000, 0x0000000100000000)
  region size 1024K, 4 young (4096K), 4 survivors (4096K)
 Metaspace       used 114085K, committed 114944K, reserved 1179648K
  class space    used 15650K, committed 16064K, reserved 1048576K
}
Event: 44.890 GC heap before
{Heap before GC invocations=59 (full 0):
 garbage-first heap   total 261120K, used 224523K [0x0000000080000000, 0x0000000100000000)
  region size 1024K, 47 young (48128K), 4 survivors (4096K)
 Metaspace       used 117158K, committed 118080K, reserved 1179648K
  class space    used 15905K, committed 16384K, reserved 1048576K
}
Event: 44.909 GC heap after
{Heap after GC invocations=60 (full 0):
 garbage-first heap   total 261120K, used 181038K [0x0000000080000000, 0x0000000100000000)
  region size 1024K, 6 young (6144K), 6 survivors (6144K)
 Metaspace       used 117158K, committed 118080K, reserved 1179648K
  class space    used 15905K, committed 16384K, reserved 1048576K
}
Event: 45.702 GC heap before
{Heap before GC invocations=60 (full 0):
 garbage-first heap   total 261120K, used 219950K [0x0000000080000000, 0x0000000100000000)
  region size 1024K, 45 young (46080K), 6 survivors (6144K)
 Metaspace       used 118004K, committed 118912K, reserved 1179648K
  class space    used 15991K, committed 16448K, reserved 1048576K
}
Event: 45.716 GC heap after
{Heap after GC invocations=61 (full 0):
 garbage-first heap   total 261120K, used 184280K [0x0000000080000000, 0x0000000100000000)
  region size 1024K, 5 young (5120K), 5 survivors (5120K)
 Metaspace       used 118004K, committed 118912K, reserved 1179648K
  class space    used 15991K, committed 16448K, reserved 1048576K
}
Event: 46.828 GC heap before
{Heap before GC invocations=61 (full 0):
 garbage-first heap   total 261120K, used 220120K [0x0000000080000000, 0x0000000100000000)
  region size 1024K, 41 young (41984K), 5 survivors (5120K)
 Metaspace       used 120413K, committed 121408K, reserved 1179648K
  class space    used 16278K, committed 16768K, reserved 1048576K
}
Event: 46.840 GC heap after
{Heap after GC invocations=62 (full 0):
 garbage-first heap   total 261120K, used 188254K [0x0000000080000000, 0x0000000100000000)
  region size 1024K, 4 young (4096K), 4 survivors (4096K)
 Metaspace       used 120413K, committed 121408K, reserved 1179648K
  class space    used 16278K, committed 16768K, reserved 1048576K
}
Event: 50.450 GC heap before
{Heap before GC invocations=62 (full 0):
 garbage-first heap   total 261120K, used 223070K [0x0000000080000000, 0x0000000100000000)
  region size 1024K, 38 young (38912K), 4 survivors (4096K)
 Metaspace       used 122089K, committed 123072K, reserved 1179648K
  class space    used 16456K, committed 16896K, reserved 1048576K
}
Event: 50.461 GC heap after
{Heap after GC invocations=63 (full 0):
 garbage-first heap   total 261120K, used 191225K [0x0000000080000000, 0x0000000100000000)
  region size 1024K, 3 young (3072K), 3 survivors (3072K)
 Metaspace       used 122089K, committed 123072K, reserved 1179648K
  class space    used 16456K, committed 16896K, reserved 1048576K
}
Event: 51.773 GC heap before
{Heap before GC invocations=63 (full 0):
 garbage-first heap   total 261120K, used 222969K [0x0000000080000000, 0x0000000100000000)
  region size 1024K, 35 young (35840K), 3 survivors (3072K)
 Metaspace       used 124082K, committed 125120K, reserved 1179648K
  class space    used 16748K, committed 17280K, reserved 1048576K
}
Event: 51.786 GC heap after
{Heap after GC invocations=64 (full 0):
 garbage-first heap   total 261120K, used 194231K [0x0000000080000000, 0x0000000100000000)
  region size 1024K, 4 young (4096K), 4 survivors (4096K)
 Metaspace       used 124082K, committed 125120K, reserved 1179648K
  class space    used 16748K, committed 17280K, reserved 1048576K
}
Event: 1320.750 GC heap before
{Heap before GC invocations=64 (full 0):
 garbage-first heap   total 261120K, used 222903K [0x0000000080000000, 0x0000000100000000)
  region size 1024K, 33 young (33792K), 4 survivors (4096K)
 Metaspace       used 124568K, committed 125568K, reserved 1179648K
  class space    used 16787K, committed 17280K, reserved 1048576K
}
Event: 1320.875 GC heap after
{Heap after GC invocations=65 (full 0):
 garbage-first heap   total 261120K, used 194617K [0x0000000080000000, 0x0000000100000000)
  region size 1024K, 1 young (1024K), 1 survivors (1024K)
 Metaspace       used 124568K, committed 125568K, reserved 1179648K
  class space    used 16787K, committed 17280K, reserved 1048576K
}
Event: 3063.400 GC heap before
{Heap before GC invocations=65 (full 0):
 garbage-first heap   total 261120K, used 225337K [0x0000000080000000, 0x0000000100000000)
  region size 1024K, 31 young (31744K), 1 survivors (1024K)
 Metaspace       used 124631K, committed 125632K, reserved 1179648K
  class space    used 16787K, committed 17280K, reserved 1048576K
}
Event: 3063.423 GC heap after
{Heap after GC invocations=66 (full 0):
 garbage-first heap   total 261120K, used 194230K [0x0000000080000000, 0x0000000100000000)
  region size 1024K, 1 young (1024K), 1 survivors (1024K)
 Metaspace       used 124631K, committed 125632K, reserved 1179648K
  class space    used 16787K, committed 17280K, reserved 1048576K
}
Event: 4647.074 GC heap before
{Heap before GC invocations=66 (full 0):
 garbage-first heap   total 261120K, used 226998K [0x0000000080000000, 0x0000000100000000)
  region size 1024K, 33 young (33792K), 1 survivors (1024K)
 Metaspace       used 124690K, committed 125696K, reserved 1179648K
  class space    used 16792K, committed 17280K, reserved 1048576K
}
Event: 4647.096 GC heap after
{Heap after GC invocations=67 (full 0):
 garbage-first heap   total 261120K, used 194423K [0x0000000080000000, 0x0000000100000000)
  region size 1024K, 1 young (1024K), 1 survivors (1024K)
 Metaspace       used 124690K, committed 125696K, reserved 1179648K
  class space    used 16792K, committed 17280K, reserved 1048576K
}
Event: 4650.839 GC heap before
{Heap before GC invocations=67 (full 0):
 garbage-first heap   total 261120K, used 227191K [0x0000000080000000, 0x0000000100000000)
  region size 1024K, 34 young (34816K), 1 survivors (1024K)
 Metaspace       used 125012K, committed 126080K, reserved 1179648K
  class space    used 16833K, committed 17344K, reserved 1048576K
}
Event: 4650.865 GC heap after
{Heap after GC invocations=68 (full 0):
 garbage-first heap   total 261120K, used 197421K [0x0000000080000000, 0x0000000100000000)
  region size 1024K, 4 young (4096K), 4 survivors (4096K)
 Metaspace       used 125012K, committed 126080K, reserved 1179648K
  class space    used 16833K, committed 17344K, reserved 1048576K
}

