# JRE version: OpenJDK Runtime Environment (17.0.9) (build 17.0.9+0--11185874)
# Java VM: OpenJDK 64-Bit Server VM (17.0.9+0--11185874, mixed mode, tiered, compressed oops, compressed class ptrs, g1 gc, windows-amd64)
GC Precious Log:
 CPUs: 4 total, 4 available
 Memory: 8025M
 Large Page Support: Disabled
 NUMA Support: Disabled
 Compressed Oops: Enabled (32-bit)
 Heap Region Size: 1M
 Heap Min Capacity: 8M
 Heap Initial Capacity: 126M
 Heap Max Capacity: 2G
 Pre-touch: Disabled
 Parallel Workers: 4
 Concurrent Workers: 1
 Concurrent Refinement Workers: 4
 Periodic GC: Disabled
Heap:
 garbage-first heap   total 109568K, used 61867K [0x0000000080000000, 0x0000000100000000)
  region size 1024K, 3 young (3072K), 1 survivors (1024K)
 Metaspace       used 63081K, committed 63680K, reserved 1114112K
  class space    used 8548K, committed 8832K, reserved 1048576K
GC Heap History (20 events):
Event: 19.151 GC heap before
{Heap before GC invocations=18 (full 0):
 garbage-first heap   total 68608K, used 55405K [0x0000000080000000, 0x0000000100000000)
  region size 1024K, 21 young (21504K), 3 survivors (3072K)
 Metaspace       used 55915K, committed 56512K, reserved 1114112K
  class space    used 7660K, committed 7936K, reserved 1048576K
}
Event: 19.158 GC heap after
{Heap after GC invocations=19 (full 0):
 garbage-first heap   total 68608K, used 39421K [0x0000000080000000, 0x0000000100000000)
  region size 1024K, 3 young (3072K), 3 survivors (3072K)
 Metaspace       used 55915K, committed 56512K, reserved 1114112K
  class space    used 7660K, committed 7936K, reserved 1048576K
}
Event: 19.300 GC heap before
{Heap before GC invocations=20 (full 0):
 garbage-first heap   total 73728K, used 43517K [0x0000000080000000, 0x0000000100000000)
  region size 1024K, 8 young (8192K), 3 survivors (3072K)
 Metaspace       used 56101K, committed 56704K, reserved 1114112K
  class space    used 7676K, committed 8000K, reserved 1048576K
}
Event: 19.304 GC heap after
{Heap after GC invocations=21 (full 0):
 garbage-first heap   total 73728K, used 40011K [0x0000000080000000, 0x0000000100000000)
  region size 1024K, 1 young (1024K), 1 survivors (1024K)
 Metaspace       used 56101K, committed 56704K, reserved 1114112K
  class space    used 7676K, committed 8000K, reserved 1048576K
}
Event: 19.895 GC heap before
{Heap before GC invocations=22 (full 0):
 garbage-first heap   total 78848K, used 70731K [0x0000000080000000, 0x0000000100000000)
  region size 1024K, 19 young (19456K), 1 survivors (1024K)
 Metaspace       used 56824K, committed 57408K, reserved 1114112K
  class space    used 7792K, committed 8064K, reserved 1048576K
}
Event: 19.899 GC heap after
{Heap after GC invocations=23 (full 0):
 garbage-first heap   total 79872K, used 58820K [0x0000000080000000, 0x0000000100000000)
  region size 1024K, 3 young (3072K), 3 survivors (3072K)
 Metaspace       used 56824K, committed 57408K, reserved 1114112K
  class space    used 7792K, committed 8064K, reserved 1048576K
}
Event: 19.919 GC heap before
{Heap before GC invocations=23 (full 0):
 garbage-first heap   total 79872K, used 59844K [0x0000000080000000, 0x0000000100000000)
  region size 1024K, 4 young (4096K), 3 survivors (3072K)
 Metaspace       used 56912K, committed 57536K, reserved 1114112K
  class space    used 7800K, committed 8128K, reserved 1048576K
}
Event: 19.922 GC heap after
{Heap after GC invocations=24 (full 0):
 garbage-first heap   total 79872K, used 58355K [0x0000000080000000, 0x0000000100000000)
  region size 1024K, 1 young (1024K), 1 survivors (1024K)
 Metaspace       used 56912K, committed 57536K, reserved 1114112K
  class space    used 7800K, committed 8128K, reserved 1048576K
}
Event: 20.048 GC heap before
{Heap before GC invocations=24 (full 0):
 garbage-first heap   total 79872K, used 63475K [0x0000000080000000, 0x0000000100000000)
  region size 1024K, 8 young (8192K), 1 survivors (1024K)
 Metaspace       used 57364K, committed 57920K, reserved 1114112K
  class space    used 7844K, committed 8128K, reserved 1048576K
}
Event: 20.049 GC heap after
{Heap after GC invocations=25 (full 0):
 garbage-first heap   total 79872K, used 58828K [0x0000000080000000, 0x0000000100000000)
  region size 1024K, 1 young (1024K), 1 survivors (1024K)
 Metaspace       used 57364K, committed 57920K, reserved 1114112K
  class space    used 7844K, committed 8128K, reserved 1048576K
}
Event: 20.275 GC heap before
{Heap before GC invocations=26 (full 0):
 garbage-first heap   total 107520K, used 67020K [0x0000000080000000, 0x0000000100000000)
  region size 1024K, 9 young (9216K), 1 survivors (1024K)
 Metaspace       used 58013K, committed 58624K, reserved 1114112K
  class space    used 7932K, committed 8256K, reserved 1048576K
}
Event: 20.277 GC heap after
{Heap after GC invocations=27 (full 0):
 garbage-first heap   total 107520K, used 60099K [0x0000000080000000, 0x0000000100000000)
  region size 1024K, 1 young (1024K), 1 survivors (1024K)
 Metaspace       used 58013K, committed 58624K, reserved 1114112K
  class space    used 7932K, committed 8256K, reserved 1048576K
}
Event: 20.495 GC heap before
{Heap before GC invocations=27 (full 0):
 garbage-first heap   total 107520K, used 64195K [0x0000000080000000, 0x0000000100000000)
  region size 1024K, 5 young (5120K), 1 survivors (1024K)
 Metaspace       used 58300K, committed 58880K, reserved 1114112K
  class space    used 7967K, committed 8256K, reserved 1048576K
}
Event: 20.499 GC heap after
{Heap after GC invocations=28 (full 0):
 garbage-first heap   total 107520K, used 60149K [0x0000000080000000, 0x0000000100000000)
  region size 1024K, 1 young (1024K), 1 survivors (1024K)
 Metaspace       used 58300K, committed 58880K, reserved 1114112K
  class space    used 7967K, committed 8256K, reserved 1048576K
}
Event: 21.089 GC heap before
{Heap before GC invocations=28 (full 0):
 garbage-first heap   total 107520K, used 82677K [0x0000000080000000, 0x0000000100000000)
  region size 1024K, 23 young (23552K), 1 survivors (1024K)
 Metaspace       used 60229K, committed 60864K, reserved 1114112K
  class space    used 8240K, committed 8576K, reserved 1048576K
}
Event: 21.092 GC heap after
{Heap after GC invocations=29 (full 0):
 garbage-first heap   total 107520K, used 60844K [0x0000000080000000, 0x0000000100000000)
  region size 1024K, 2 young (2048K), 2 survivors (2048K)
 Metaspace       used 60229K, committed 60864K, reserved 1114112K
  class space    used 8240K, committed 8576K, reserved 1048576K
}
Event: 21.690 GC heap before
{Heap before GC invocations=30 (full 0):
 garbage-first heap   total 109568K, used 83372K [0x0000000080000000, 0x0000000100000000)
  region size 1024K, 25 young (25600K), 2 survivors (2048K)
 Metaspace       used 62844K, committed 63424K, reserved 1114112K
  class space    used 8521K, committed 8768K, reserved 1048576K
}
Event: 21.693 GC heap after
{Heap after GC invocations=31 (full 0):
 garbage-first heap   total 109568K, used 61236K [0x0000000080000000, 0x0000000100000000)
  region size 1024K, 2 young (2048K), 2 survivors (2048K)
 Metaspace       used 62844K, committed 63424K, reserved 1114112K
  class space    used 8521K, committed 8768K, reserved 1048576K
}
Event: 21.775 GC heap before
{Heap before GC invocations=31 (full 0):
 garbage-first heap   total 109568K, used 64308K [0x0000000080000000, 0x0000000100000000)
  region size 1024K, 5 young (5120K), 2 survivors (2048K)
 Metaspace       used 63044K, committed 63680K, reserved 1114112K
  class space    used 8548K, committed 8832K, reserved 1048576K
}
Event: 21.781 GC heap after
{Heap after GC invocations=32 (full 0):
 garbage-first heap   total 109568K, used 60843K [0x0000000080000000, 0x0000000100000000)
  region size 1024K, 1 young (1024K), 1 survivors (1024K)
 Metaspace       used 63044K, committed 63680K, reserved 1114112K
  class space    used 8548K, committed 8832K, reserved 1048576K
}

